app/build/intermediates/manifest_merge_blame_file/productionMainnetRelease/manifest-merger-blame-productionMainnet-release-report.txt
1<?xml version="1.0" encoding="utf-8"?>
2<manifest xmlns:android="http://schemas.android.com/apk/res/android"
3    package="app.odapplications.bitstashwallet"
4    android:versionCode="2"
5    android:versionName="0.0.2" >
6
7    <uses-sdk
8        android:minSdkVersion="23"
8-->src/main/AndroidManifest.xml
9        android:targetSdkVersion="28" />
9-->src/main/AndroidManifest.xml
10
11    <uses-permission android:name="android.permission.INTERNET" />
11-->src/main/AndroidManifest.xml:6:5-67
11-->src/main/AndroidManifest.xml:6:22-64
12    <uses-permission android:name="android.permission.ACCESS_NETWORK_STATE" />
12-->src/main/AndroidManifest.xml:7:5-79
12-->src/main/AndroidManifest.xml:7:22-76
13    <uses-permission android:name="android.permission.VIBRATE" />
13-->src/main/AndroidManifest.xml:8:5-66
13-->src/main/AndroidManifest.xml:8:22-63
14    <uses-permission android:name="android.permission.USE_BIOMETRIC" />
14-->src/main/AndroidManifest.xml:9:5-72
14-->src/main/AndroidManifest.xml:9:22-69
15    <uses-permission android:name="android.permission.USE_FINGERPRINT" />
15-->src/main/AndroidManifest.xml:10:5-74
15-->src/main/AndroidManifest.xml:10:22-71
16    <uses-permission android:name="android.permission.CAMERA" /> <!-- Don't require camera, as this requires a rear camera. This allows it to work on the Nexus 7 -->
16-->[com.journeyapps:zxing-android-embedded:3.6.0] AndroidManifest.xml:22:5-65
16-->[com.journeyapps:zxing-android-embedded:3.6.0] AndroidManifest.xml:22:22-62
17    <uses-feature
17-->[com.journeyapps:zxing-android-embedded:3.6.0] AndroidManifest.xml:25:5-27:36
18        android:name="android.hardware.camera"
18-->[com.journeyapps:zxing-android-embedded:3.6.0] AndroidManifest.xml:26:9-47
19        android:required="false" />
19-->[com.journeyapps:zxing-android-embedded:3.6.0] AndroidManifest.xml:27:9-33
20    <uses-feature
20-->[com.journeyapps:zxing-android-embedded:3.6.0] AndroidManifest.xml:28:5-30:36
21        android:name="android.hardware.camera.front"
21-->[com.journeyapps:zxing-android-embedded:3.6.0] AndroidManifest.xml:29:9-53
22        android:required="false" /> <!-- TODO replace above two with next line after Android 4.2 -->
22-->[com.journeyapps:zxing-android-embedded:3.6.0] AndroidManifest.xml:30:9-33
23    <!-- <uses-feature android:name="android.hardware.camera.any"/> -->
24    <uses-feature
24-->[com.journeyapps:zxing-android-embedded:3.6.0] AndroidManifest.xml:33:5-35:36
25        android:name="android.hardware.camera.autofocus"
25-->[com.journeyapps:zxing-android-embedded:3.6.0] AndroidManifest.xml:34:9-57
26        android:required="false" />
26-->[com.journeyapps:zxing-android-embedded:3.6.0] AndroidManifest.xml:35:9-33
27    <uses-feature
27-->[com.journeyapps:zxing-android-embedded:3.6.0] AndroidManifest.xml:36:5-38:36
28        android:name="android.hardware.camera.flash"
28-->[com.journeyapps:zxing-android-embedded:3.6.0] AndroidManifest.xml:37:9-53
29        android:required="false" />
29-->[com.journeyapps:zxing-android-embedded:3.6.0] AndroidManifest.xml:38:9-33
30    <uses-feature
30-->[com.journeyapps:zxing-android-embedded:3.6.0] AndroidManifest.xml:39:5-41:36
31        android:name="android.hardware.screen.landscape"
31-->[com.journeyapps:zxing-android-embedded:3.6.0] AndroidManifest.xml:40:9-57
32        android:required="false" />
32-->[com.journeyapps:zxing-android-embedded:3.6.0] AndroidManifest.xml:41:9-33
33    <uses-feature
33-->[com.journeyapps:zxing-android-embedded:3.6.0] AndroidManifest.xml:42:5-44:36
34        android:name="android.hardware.wifi"
34-->[com.journeyapps:zxing-android-embedded:3.6.0] AndroidManifest.xml:43:9-45
35        android:required="false" />
35-->[com.journeyapps:zxing-android-embedded:3.6.0] AndroidManifest.xml:44:9-33
36
37    <uses-permission android:name="android.permission.WAKE_LOCK" />
37-->[androidx.work:work-runtime:2.2.0] AndroidManifest.xml:25:5-68
37-->[androidx.work:work-runtime:2.2.0] AndroidManifest.xml:25:22-65
38    <uses-permission android:name="android.permission.RECEIVE_BOOT_COMPLETED" />
38-->[androidx.work:work-runtime:2.2.0] AndroidManifest.xml:27:5-81
38-->[androidx.work:work-runtime:2.2.0] AndroidManifest.xml:27:22-78
39
40    <application
40-->src/main/AndroidManifest.xml:12:5-113:19
41        android:name="app.odapplications.bitstashwallet.core.App"
41-->src/main/AndroidManifest.xml:13:9-66
42        android:allowBackup="false"
42-->src/main/AndroidManifest.xml:14:9-36
43        android:appComponentFactory="androidx.core.app.CoreComponentFactory"
43-->[androidx.core:core:1.1.0-rc03] AndroidManifest.xml:24:18-86
44        android:icon="@mipmap/bitcoin_launcher"
44-->src/main/AndroidManifest.xml:15:9-48
45        android:label="@string/App_Name"
45-->src/main/AndroidManifest.xml:16:9-41
46        android:roundIcon="@mipmap/bitcoin_launcher_round"
46-->src/main/AndroidManifest.xml:17:9-59
47        android:supportsRtl="true"
47-->src/main/AndroidManifest.xml:18:9-35
48        android:theme="@style/DarkModeAppTheme" >
48-->src/main/AndroidManifest.xml:19:9-48
49        <activity
49-->src/main/AndroidManifest.xml:21:9-29:20
50            android:name="app.odapplications.bitstashwallet.modules.launcher.LauncherActivity"
50-->src/main/AndroidManifest.xml:22:13-95
51            android:screenOrientation="portrait" >
51-->src/main/AndroidManifest.xml:23:13-49
52            <intent-filter>
52-->src/main/AndroidManifest.xml:24:13-28:29
53                <action android:name="android.intent.action.MAIN" />
53-->src/main/AndroidManifest.xml:25:17-69
53-->src/main/AndroidManifest.xml:25:25-66
54
55                <category android:name="android.intent.category.LAUNCHER" />
55-->src/main/AndroidManifest.xml:27:17-77
55-->src/main/AndroidManifest.xml:27:27-74
56            </intent-filter>
57        </activity>
58        <activity
58-->src/main/AndroidManifest.xml:30:9-32:52
59            android:name="app.odapplications.bitstashwallet.modules.restore.options.RestoreOptionsActivity"
59-->src/main/AndroidManifest.xml:31:13-108
60            android:screenOrientation="portrait" />
60-->src/main/AndroidManifest.xml:32:13-49
61        <activity
61-->src/main/AndroidManifest.xml:33:9-36:58
62            android:name="app.odapplications.bitstashwallet.modules.backup.BackupActivity"
62-->src/main/AndroidManifest.xml:34:13-91
63            android:screenOrientation="portrait"
63-->src/main/AndroidManifest.xml:35:13-49
64            android:windowSoftInputMode="adjustResize" />
64-->src/main/AndroidManifest.xml:36:13-55
65        <activity
65-->src/main/AndroidManifest.xml:37:9-40:58
66            android:name="app.odapplications.bitstashwallet.modules.backup.words.BackupWordsActivity"
66-->src/main/AndroidManifest.xml:38:13-102
67            android:screenOrientation="portrait"
67-->src/main/AndroidManifest.xml:39:13-49
68            android:windowSoftInputMode="adjustResize" />
68-->src/main/AndroidManifest.xml:40:13-55
69        <activity
69-->src/main/AndroidManifest.xml:41:9-43:52
70            android:name="app.odapplications.bitstashwallet.modules.createwallet.CreateWalletActivity"
70-->src/main/AndroidManifest.xml:42:13-103
71            android:screenOrientation="portrait" />
71-->src/main/AndroidManifest.xml:43:13-49
72        <activity
72-->src/main/AndroidManifest.xml:44:9-47:63
73            android:name="app.odapplications.bitstashwallet.modules.main.MainActivity"
73-->src/main/AndroidManifest.xml:45:13-87
74            android:screenOrientation="portrait"
74-->src/main/AndroidManifest.xml:46:13-49
75            android:windowSoftInputMode="stateAlwaysHidden" />
75-->src/main/AndroidManifest.xml:47:13-60
76        <activity
76-->src/main/AndroidManifest.xml:48:9-51:70
77            android:name="app.odapplications.bitstashwallet.modules.send.SendActivity"
77-->src/main/AndroidManifest.xml:49:13-87
78            android:screenOrientation="portrait"
78-->src/main/AndroidManifest.xml:50:13-49
79            android:windowSoftInputMode="stateVisible|adjustResize" />
79-->src/main/AndroidManifest.xml:51:13-68
80        <activity
80-->src/main/AndroidManifest.xml:52:9-54:52
81            android:name="app.odapplications.bitstashwallet.modules.restore.words.RestoreWordsActivity"
81-->src/main/AndroidManifest.xml:53:13-104
82            android:screenOrientation="portrait" />
82-->src/main/AndroidManifest.xml:54:13-49
83        <activity
83-->src/main/AndroidManifest.xml:55:9-57:52
84            android:name="app.odapplications.bitstashwallet.modules.qrscanner.QRScannerActivity"
84-->src/main/AndroidManifest.xml:56:13-97
85            android:screenOrientation="portrait" />
85-->src/main/AndroidManifest.xml:57:13-49
86        <activity
86-->src/main/AndroidManifest.xml:58:9-60:52
87            android:name="app.odapplications.bitstashwallet.modules.fulltransactioninfo.views.FullTransactionInfoActivity"
87-->src/main/AndroidManifest.xml:59:13-123
88            android:screenOrientation="portrait" />
88-->src/main/AndroidManifest.xml:60:13-49
89        <activity
89-->src/main/AndroidManifest.xml:61:9-63:52
90            android:name="app.odapplications.bitstashwallet.modules.fulltransactioninfo.dataprovider.DataProviderSettingsActivity"
90-->src/main/AndroidManifest.xml:62:13-131
91            android:screenOrientation="portrait" />
91-->src/main/AndroidManifest.xml:63:13-49
92        <activity
92-->src/main/AndroidManifest.xml:64:9-66:52
93            android:name="app.odapplications.bitstashwallet.modules.settings.language.LanguageSettingsActivity"
93-->src/main/AndroidManifest.xml:65:13-112
94            android:screenOrientation="portrait" />
94-->src/main/AndroidManifest.xml:66:13-49
95        <activity
95-->src/main/AndroidManifest.xml:67:9-69:52
96            android:name="app.odapplications.bitstashwallet.modules.settings.security.SecuritySettingsActivity"
96-->src/main/AndroidManifest.xml:68:13-112
97            android:screenOrientation="portrait" />
97-->src/main/AndroidManifest.xml:69:13-49
98        <activity
98-->src/main/AndroidManifest.xml:70:9-72:52
99            android:name="app.odapplications.bitstashwallet.modules.settings.AboutSettingsActivity"
99-->src/main/AndroidManifest.xml:71:13-100
100            android:screenOrientation="portrait" />
100-->src/main/AndroidManifest.xml:72:13-49
101        <activity
101-->src/main/AndroidManifest.xml:73:9-75:52
102            android:name="app.odapplications.bitstashwallet.modules.notifications.NotificationsActivity"
102-->src/main/AndroidManifest.xml:74:13-105
103            android:screenOrientation="portrait" />
103-->src/main/AndroidManifest.xml:75:13-49
104        <activity
104-->src/main/AndroidManifest.xml:76:9-78:52
105            android:name="app.odapplications.bitstashwallet.modules.reportproblem.ReportProblemActivity"
105-->src/main/AndroidManifest.xml:77:13-105
106            android:screenOrientation="portrait" />
106-->src/main/AndroidManifest.xml:78:13-49
107        <activity
107-->src/main/AndroidManifest.xml:79:9-81:52
108            android:name="app.odapplications.bitstashwallet.modules.lockscreen.LockScreenActivity"
108-->src/main/AndroidManifest.xml:80:13-99
109            android:screenOrientation="portrait" />
109-->src/main/AndroidManifest.xml:81:13-49
110        <activity
110-->src/main/AndroidManifest.xml:82:9-84:52
111            android:name="app.odapplications.bitstashwallet.modules.pin.PinActivity"
111-->src/main/AndroidManifest.xml:83:13-85
112            android:screenOrientation="portrait" />
112-->src/main/AndroidManifest.xml:84:13-49
113        <activity
113-->src/main/AndroidManifest.xml:85:9-87:52
114            android:name="app.odapplications.bitstashwallet.modules.settings.basecurrency.BaseCurrencySettingsActivity"
114-->src/main/AndroidManifest.xml:86:13-120
115            android:screenOrientation="portrait" />
115-->src/main/AndroidManifest.xml:87:13-49
116        <activity
116-->src/main/AndroidManifest.xml:88:9-90:52
117            android:name="app.odapplications.bitstashwallet.modules.managecoins.views.ManageWalletsActivity"
117-->src/main/AndroidManifest.xml:89:13-109
118            android:screenOrientation="portrait" />
118-->src/main/AndroidManifest.xml:90:13-49
119        <activity
119-->src/main/AndroidManifest.xml:91:9-93:52
120            android:name="app.odapplications.bitstashwallet.modules.settings.managekeys.views.ManageKeysActivity"
120-->src/main/AndroidManifest.xml:92:13-114
121            android:screenOrientation="portrait" />
121-->src/main/AndroidManifest.xml:93:13-49
122        <activity
122-->src/main/AndroidManifest.xml:94:9-96:52
123            android:name="app.odapplications.bitstashwallet.modules.restore.RestoreActivity"
123-->src/main/AndroidManifest.xml:95:13-93
124            android:screenOrientation="portrait" />
124-->src/main/AndroidManifest.xml:96:13-49
125        <activity
125-->src/main/AndroidManifest.xml:97:9-99:52
126            android:name="app.odapplications.bitstashwallet.modules.welcome.WelcomeActivity"
126-->src/main/AndroidManifest.xml:98:13-93
127            android:screenOrientation="portrait" />
127-->src/main/AndroidManifest.xml:99:13-49
128        <activity
128-->src/main/AndroidManifest.xml:100:9-102:52
129            android:name="app.odapplications.bitstashwallet.modules.restore.eos.RestoreEosActivity"
129-->src/main/AndroidManifest.xml:101:13-100
130            android:screenOrientation="portrait" />
130-->src/main/AndroidManifest.xml:102:13-49
131        <activity
131-->src/main/AndroidManifest.xml:103:9-105:52
132            android:name="app.odapplications.bitstashwallet.modules.keystore.KeyStoreActivity"
132-->src/main/AndroidManifest.xml:104:13-95
133            android:screenOrientation="portrait" />
133-->src/main/AndroidManifest.xml:105:13-49
134        <activity
134-->src/main/AndroidManifest.xml:106:9-108:52
135            android:name="app.odapplications.bitstashwallet.modules.backup.eos.BackupEosActivity"
135-->src/main/AndroidManifest.xml:107:13-98
136            android:screenOrientation="portrait" />
136-->src/main/AndroidManifest.xml:108:13-49
137
138        <meta-data
138-->src/main/AndroidManifest.xml:110:9-112:57
139            android:name="preloaded_fonts"
139-->src/main/AndroidManifest.xml:111:13-43
140            android:resource="@array/preloaded_fonts" />
140-->src/main/AndroidManifest.xml:112:13-54
141
142        <activity
142-->[com.journeyapps:zxing-android-embedded:3.6.0] AndroidManifest.xml:47:9-53:63
143            android:name="com.journeyapps.barcodescanner.CaptureActivity"
143-->[com.journeyapps:zxing-android-embedded:3.6.0] AndroidManifest.xml:48:13-74
144            android:clearTaskOnLaunch="true"
144-->[com.journeyapps:zxing-android-embedded:3.6.0] AndroidManifest.xml:49:13-45
145            android:screenOrientation="sensorLandscape"
145-->[com.journeyapps:zxing-android-embedded:3.6.0] AndroidManifest.xml:50:13-56
146            android:stateNotNeeded="true"
146-->[com.journeyapps:zxing-android-embedded:3.6.0] AndroidManifest.xml:51:13-42
147            android:theme="@style/zxing_CaptureTheme"
147-->[com.journeyapps:zxing-android-embedded:3.6.0] AndroidManifest.xml:52:13-54
148            android:windowSoftInputMode="stateAlwaysHidden" />
148-->[com.journeyapps:zxing-android-embedded:3.6.0] AndroidManifest.xml:53:13-60
149        <activity
149-->[androidx.biometric:biometric:1.0.0-beta01] AndroidManifest.xml:28:9-30:67
150            android:name="androidx.biometric.DeviceCredentialHandlerActivity"
150-->[androidx.biometric:biometric:1.0.0-beta01] AndroidManifest.xml:29:13-78
151            android:theme="@style/DeviceCredentialHandlerTheme" />
151-->[androidx.biometric:biometric:1.0.0-beta01] AndroidManifest.xml:30:13-64
152
153        <provider
153-->[androidx.work:work-runtime:2.2.0] AndroidManifest.xml:30:9-36:35
154            android:name="androidx.work.impl.WorkManagerInitializer"
154-->[androidx.work:work-runtime:2.2.0] AndroidManifest.xml:31:13-69
155            android:authorities="app.odapplications.bitstashwallet.workmanager-init"
155-->[androidx.work:work-runtime:2.2.0] AndroidManifest.xml:32:13-68
156            android:directBootAware="false"
156-->[androidx.work:work-runtime:2.2.0] AndroidManifest.xml:33:13-44
157            android:exported="false"
157-->[androidx.work:work-runtime:2.2.0] AndroidManifest.xml:34:13-37
158            android:multiprocess="true" />
158-->[androidx.work:work-runtime:2.2.0] AndroidManifest.xml:35:13-40
159
160        <service
160-->[androidx.work:work-runtime:2.2.0] AndroidManifest.xml:38:9-43:35
161            android:name="androidx.work.impl.background.systemalarm.SystemAlarmService"
161-->[androidx.work:work-runtime:2.2.0] AndroidManifest.xml:39:13-88
162            android:directBootAware="false"
162-->[androidx.work:work-runtime:2.2.0] AndroidManifest.xml:40:13-44
163            android:enabled="@bool/enable_system_alarm_service_default"
163-->[androidx.work:work-runtime:2.2.0] AndroidManifest.xml:41:13-72
164            android:exported="false" />
164-->[androidx.work:work-runtime:2.2.0] AndroidManifest.xml:42:13-37
165        <service
165-->[androidx.work:work-runtime:2.2.0] AndroidManifest.xml:44:9-50:35
166            android:name="androidx.work.impl.background.systemjob.SystemJobService"
166-->[androidx.work:work-runtime:2.2.0] AndroidManifest.xml:45:13-84
167            android:directBootAware="false"
167-->[androidx.work:work-runtime:2.2.0] AndroidManifest.xml:46:13-44
168            android:enabled="@bool/enable_system_job_service_default"
168-->[androidx.work:work-runtime:2.2.0] AndroidManifest.xml:47:13-70
169            android:exported="true"
169-->[androidx.work:work-runtime:2.2.0] AndroidManifest.xml:48:13-36
170            android:permission="android.permission.BIND_JOB_SERVICE" />
170-->[androidx.work:work-runtime:2.2.0] AndroidManifest.xml:49:13-69
171
172        <receiver
172-->[androidx.work:work-runtime:2.2.0] AndroidManifest.xml:52:9-57:35
173            android:name="androidx.work.impl.utils.ForceStopRunnable$BroadcastReceiver"
173-->[androidx.work:work-runtime:2.2.0] AndroidManifest.xml:53:13-88
174            android:directBootAware="false"
174-->[androidx.work:work-runtime:2.2.0] AndroidManifest.xml:54:13-44
175            android:enabled="true"
175-->[androidx.work:work-runtime:2.2.0] AndroidManifest.xml:55:13-35
176            android:exported="false" />
176-->[androidx.work:work-runtime:2.2.0] AndroidManifest.xml:56:13-37
177        <receiver
177-->[androidx.work:work-runtime:2.2.0] AndroidManifest.xml:58:9-68:20
178            android:name="androidx.work.impl.background.systemalarm.ConstraintProxy$BatteryChargingProxy"
178-->[androidx.work:work-runtime:2.2.0] AndroidManifest.xml:59:13-106
179            android:directBootAware="false"
179-->[androidx.work:work-runtime:2.2.0] AndroidManifest.xml:60:13-44
180            android:enabled="false"
180-->[androidx.work:work-runtime:2.2.0] AndroidManifest.xml:61:13-36
181            android:exported="false" >
181-->[androidx.work:work-runtime:2.2.0] AndroidManifest.xml:62:13-37
182            <intent-filter>
182-->[androidx.work:work-runtime:2.2.0] AndroidManifest.xml:64:13-67:29
183                <action android:name="android.intent.action.ACTION_POWER_CONNECTED" />
183-->[androidx.work:work-runtime:2.2.0] AndroidManifest.xml:65:17-87
183-->[androidx.work:work-runtime:2.2.0] AndroidManifest.xml:65:25-84
184                <action android:name="android.intent.action.ACTION_POWER_DISCONNECTED" />
184-->[androidx.work:work-runtime:2.2.0] AndroidManifest.xml:66:17-90
184-->[androidx.work:work-runtime:2.2.0] AndroidManifest.xml:66:25-87
185            </intent-filter>
186        </receiver>
187        <receiver
187-->[androidx.work:work-runtime:2.2.0] AndroidManifest.xml:69:9-79:20
188            android:name="androidx.work.impl.background.systemalarm.ConstraintProxy$BatteryNotLowProxy"
188-->[androidx.work:work-runtime:2.2.0] AndroidManifest.xml:70:13-104
189            android:directBootAware="false"
189-->[androidx.work:work-runtime:2.2.0] AndroidManifest.xml:71:13-44
190            android:enabled="false"
190-->[androidx.work:work-runtime:2.2.0] AndroidManifest.xml:72:13-36
191            android:exported="false" >
191-->[androidx.work:work-runtime:2.2.0] AndroidManifest.xml:73:13-37
192            <intent-filter>
192-->[androidx.work:work-runtime:2.2.0] AndroidManifest.xml:75:13-78:29
193                <action android:name="android.intent.action.BATTERY_OKAY" />
193-->[androidx.work:work-runtime:2.2.0] AndroidManifest.xml:76:17-77
193-->[androidx.work:work-runtime:2.2.0] AndroidManifest.xml:76:25-74
194                <action android:name="android.intent.action.BATTERY_LOW" />
194-->[androidx.work:work-runtime:2.2.0] AndroidManifest.xml:77:17-76
194-->[androidx.work:work-runtime:2.2.0] AndroidManifest.xml:77:25-73
195            </intent-filter>
196        </receiver>
197        <receiver
197-->[androidx.work:work-runtime:2.2.0] AndroidManifest.xml:80:9-90:20
198            android:name="androidx.work.impl.background.systemalarm.ConstraintProxy$StorageNotLowProxy"
198-->[androidx.work:work-runtime:2.2.0] AndroidManifest.xml:81:13-104
199            android:directBootAware="false"
199-->[androidx.work:work-runtime:2.2.0] AndroidManifest.xml:82:13-44
200            android:enabled="false"
200-->[androidx.work:work-runtime:2.2.0] AndroidManifest.xml:83:13-36
201            android:exported="false" >
201-->[androidx.work:work-runtime:2.2.0] AndroidManifest.xml:84:13-37
202            <intent-filter>
202-->[androidx.work:work-runtime:2.2.0] AndroidManifest.xml:86:13-89:29
203                <action android:name="android.intent.action.DEVICE_STORAGE_LOW" />
203-->[androidx.work:work-runtime:2.2.0] AndroidManifest.xml:87:17-83
203-->[androidx.work:work-runtime:2.2.0] AndroidManifest.xml:87:25-80
204                <action android:name="android.intent.action.DEVICE_STORAGE_OK" />
204-->[androidx.work:work-runtime:2.2.0] AndroidManifest.xml:88:17-82
204-->[androidx.work:work-runtime:2.2.0] AndroidManifest.xml:88:25-79
205            </intent-filter>
206        </receiver>
207        <receiver
207-->[androidx.work:work-runtime:2.2.0] AndroidManifest.xml:91:9-100:20
208            android:name="androidx.work.impl.background.systemalarm.ConstraintProxy$NetworkStateProxy"
208-->[androidx.work:work-runtime:2.2.0] AndroidManifest.xml:92:13-103
209            android:directBootAware="false"
209-->[androidx.work:work-runtime:2.2.0] AndroidManifest.xml:93:13-44
210            android:enabled="false"
210-->[androidx.work:work-runtime:2.2.0] AndroidManifest.xml:94:13-36
211            android:exported="false" >
211-->[androidx.work:work-runtime:2.2.0] AndroidManifest.xml:95:13-37
212            <intent-filter>
212-->[androidx.work:work-runtime:2.2.0] AndroidManifest.xml:97:13-99:29
213                <action android:name="android.net.conn.CONNECTIVITY_CHANGE" />
213-->[androidx.work:work-runtime:2.2.0] AndroidManifest.xml:98:17-79
213-->[androidx.work:work-runtime:2.2.0] AndroidManifest.xml:98:25-76
214            </intent-filter>
215        </receiver>
216        <receiver
216-->[androidx.work:work-runtime:2.2.0] AndroidManifest.xml:101:9-112:20
217            android:name="androidx.work.impl.background.systemalarm.RescheduleReceiver"
217-->[androidx.work:work-runtime:2.2.0] AndroidManifest.xml:102:13-88
218            android:directBootAware="false"
218-->[androidx.work:work-runtime:2.2.0] AndroidManifest.xml:103:13-44
219            android:enabled="false"
219-->[androidx.work:work-runtime:2.2.0] AndroidManifest.xml:104:13-36
220            android:exported="false" >
220-->[androidx.work:work-runtime:2.2.0] AndroidManifest.xml:105:13-37
221            <intent-filter>
221-->[androidx.work:work-runtime:2.2.0] AndroidManifest.xml:107:13-111:29
222                <action android:name="android.intent.action.BOOT_COMPLETED" />
222-->[androidx.work:work-runtime:2.2.0] AndroidManifest.xml:108:17-79
222-->[androidx.work:work-runtime:2.2.0] AndroidManifest.xml:108:25-76
223                <action android:name="android.intent.action.TIME_SET" />
223-->[androidx.work:work-runtime:2.2.0] AndroidManifest.xml:109:17-73
223-->[androidx.work:work-runtime:2.2.0] AndroidManifest.xml:109:25-70
224                <action android:name="android.intent.action.TIMEZONE_CHANGED" />
224-->[androidx.work:work-runtime:2.2.0] AndroidManifest.xml:110:17-81
224-->[androidx.work:work-runtime:2.2.0] AndroidManifest.xml:110:25-78
225            </intent-filter>
226        </receiver>
227        <receiver
227-->[androidx.work:work-runtime:2.2.0] AndroidManifest.xml:113:9-122:20
228            android:name="androidx.work.impl.background.systemalarm.ConstraintProxyUpdateReceiver"
228-->[androidx.work:work-runtime:2.2.0] AndroidManifest.xml:114:13-99
229            android:directBootAware="false"
229-->[androidx.work:work-runtime:2.2.0] AndroidManifest.xml:115:13-44
230            android:enabled="@bool/enable_system_alarm_service_default"
230-->[androidx.work:work-runtime:2.2.0] AndroidManifest.xml:116:13-72
231            android:exported="false" >
231-->[androidx.work:work-runtime:2.2.0] AndroidManifest.xml:117:13-37
232            <intent-filter>
232-->[androidx.work:work-runtime:2.2.0] AndroidManifest.xml:119:13-121:29
233                <action android:name="androidx.work.impl.background.systemalarm.UpdateProxies" />
233-->[androidx.work:work-runtime:2.2.0] AndroidManifest.xml:120:17-98
233-->[androidx.work:work-runtime:2.2.0] AndroidManifest.xml:120:25-95
234            </intent-filter>
235        </receiver>
236
237        <provider
237-->[androidx.lifecycle:lifecycle-process:2.2.0-alpha02] AndroidManifest.xml:25:9-29:43
238            android:name="androidx.lifecycle.ProcessLifecycleOwnerInitializer"
238-->[androidx.lifecycle:lifecycle-process:2.2.0-alpha02] AndroidManifest.xml:26:13-79
239            android:authorities="app.odapplications.bitstashwallet.lifecycle-process"
239-->[androidx.lifecycle:lifecycle-process:2.2.0-alpha02] AndroidManifest.xml:27:13-69
240            android:exported="false"
240-->[androidx.lifecycle:lifecycle-process:2.2.0-alpha02] AndroidManifest.xml:28:13-37
241            android:multiprocess="true" />
241-->[androidx.lifecycle:lifecycle-process:2.2.0-alpha02] AndroidManifest.xml:29:13-40
242
243        <service
243-->[androidx.room:room-runtime:2.2.0-alpha01] AndroidManifest.xml:25:9-27:40
244            android:name="androidx.room.MultiInstanceInvalidationService"
244-->[androidx.room:room-runtime:2.2.0-alpha01] AndroidManifest.xml:26:13-74
245            android:exported="false" />
245-->[androidx.room:room-runtime:2.2.0-alpha01] AndroidManifest.xml:27:13-37
246    </application>
247
248</manifest>